<?xml version="1.0" encoding="UTF-8"?>
<testng-results ignored="0" total="0" passed="0" failed="0" skipped="0">
  <reporter-output>
  </reporter-output>
  <suite started-at="2023-02-08T21:29:16 AMT" name="ui.BaseTest" finished-at="2023-02-08T21:29:16 AMT" duration-ms="4">
    <groups>
    </groups>
    <test started-at="2023-02-08T21:29:16 AMT" name="Command line test" finished-at="2023-02-08T21:29:16 AMT" duration-ms="4">
    </test> <!-- Command line test -->
  </suite> <!-- ui.BaseTest -->
</testng-results>
